[debug] [2021-08-06T07:29:34.815Z] ----------------------------------------------------------------------
[debug] [2021-08-06T07:29:34.817Z] Command:       /usr/local/bin/node /usr/local/bin/firebase init
[debug] [2021-08-06T07:29:34.817Z] CLI Version:   9.16.0
[debug] [2021-08-06T07:29:34.818Z] Platform:      darwin
[debug] [2021-08-06T07:29:34.818Z] Node Version:  v12.18.3
[debug] [2021-08-06T07:29:34.819Z] Time:          Fri Aug 06 2021 10:29:34 GMT+0300 (Eastern European Summer Time)
[debug] [2021-08-06T07:29:34.819Z] ----------------------------------------------------------------------
[debug] 
[debug] [2021-08-06T07:29:34.824Z] > command requires scopes: ["email","openid","https://www.googleapis.com/auth/cloudplatformprojects.readonly","https://www.googleapis.com/auth/firebase","https://www.googleapis.com/auth/cloud-platform"]
[debug] [2021-08-06T07:29:34.824Z] > authorizing via signed-in user (pdung1989@gmail.com)
[info] 
     ######## #### ########  ######## ########     ###     ######  ########
     ##        ##  ##     ## ##       ##     ##  ##   ##  ##       ##
     ######    ##  ########  ######   ########  #########  ######  ######
     ##        ##  ##    ##  ##       ##     ## ##     ##       ## ##
     ##       #### ##     ## ######## ########  ##     ##  ######  ########

You're about to initialize a Firebase project in this directory:

  /Users/dtran/Projects/Udemy/React_New/food-order-app

[info] 
=== Project Setup
[info] 
[info] First, let's associate this project directory with a Firebase project.
[info] You can create multiple project aliases by running firebase use --add, 
[info] but for now we'll just set up a default project.
[info] 
[debug] [2021-08-06T07:30:56.997Z] >>> [apiv2][query] GET https://firebase.googleapis.com/v1beta1/projects pageSize=100
[debug] [2021-08-06T07:30:57.613Z] <<< [apiv2][status] GET https://firebase.googleapis.com/v1beta1/projects 200
[debug] [2021-08-06T07:30:57.613Z] <<< [apiv2][body] GET https://firebase.googleapis.com/v1beta1/projects [omitted]
[info] i  Using project green-meals (green-meals) 
[info] 
=== Hosting Setup
[info] 
[info] Your public directory is the folder (relative to your project directory) that
[info] will contain Hosting assets to be uploaded with firebase deploy. If you
[info] have a build process for your assets, use your build's output directory.
[info] 
[debug] [2021-08-06T07:42:31.934Z] >>> [apiv2][query] GET https://www.gstatic.com/firebasejs/releases.json [none]
[debug] [2021-08-06T07:42:32.089Z] <<< [apiv2][status] GET https://www.gstatic.com/firebasejs/releases.json 200
[debug] [2021-08-06T07:42:32.089Z] <<< [apiv2][body] GET https://www.gstatic.com/firebasejs/releases.json {"current":{"version":"8.9.0","browserURL":"https://www.gstatic.com/firebasejs/8.9.0/firebase.js","packageURL":"https://www.gstatic.com/firebasejs/8.9.0/firebase.tgz"},"live":{"version":"8.9","browserURL":"https://www.gstatic.com/firebasejs/live/8.9/firebase.js","packageURL":"https://www.gstatic.com/firebasejs/live/8.9/firebase.tgz"},"components":{"analytics":"https://www.gstatic.com/firebasejs/8.9.0/firebase-analytics.js","app":"https://www.gstatic.com/firebasejs/8.9.0/firebase-app.js","app-check":"https://www.gstatic.com/firebasejs/8.9.0/firebase-app-check.js","auth":"https://www.gstatic.com/firebasejs/8.9.0/firebase-auth.js","database":"https://www.gstatic.com/firebasejs/8.9.0/firebase-database.js","firestore":"https://www.gstatic.com/firebasejs/8.9.0/firebase-firestore.js","functions":"https://www.gstatic.com/firebasejs/8.9.0/firebase-functions.js","installations":"https://www.gstatic.com/firebasejs/8.9.0/firebase-installations.js","messaging":"https://www.gstatic.com/firebasejs/8.9.0/firebase-messaging.js","storage":"https://www.gstatic.com/firebasejs/8.9.0/firebase-storage.js","performance":"https://www.gstatic.com/firebasejs/8.9.0/firebase-performance.js","remote-config":"https://www.gstatic.com/firebasejs/8.9.0/firebase-remote-config.js","firestore.memory":"https://www.gstatic.com/firebasejs/8.9.0/firebase-firestore.memory.js"}}
[info] ✔  Wrote build/index.html 
[info] 
[info] i  Detected a .git folder at /Users/dtran/Projects/Udemy/React_New/food-order-app 
[info] i  Authorizing with GitHub to upload your service account to a GitHub repository's secrets store. 
[info] 
[info] Visit this URL on this device to log in:
[info] https://github.com/login/oauth/authorize?client_id=89cf50f02ac6aaed3484&state=499598439&redirect_uri=http%3A%2F%2Flocalhost%3A9005&scope=read%3Auser%20repo%20public_repo
[info] 
[info] Waiting for authentication...
[debug] [2021-08-06T07:42:45.850Z] >>> HTTP REQUEST POST https://github.com/login/oauth/access_token  
 {"client_id":"89cf50f02ac6aaed3484","client_secret":"3330d14abc895d9a74d5f17cd7a00711fa2c5bf0","code":"de846b3344534c8bf76f","redirect_uri":"http://localhost:9005","state":"499598439"}
[debug] [2021-08-06T07:42:46.537Z] <<< HTTP RESPONSE 200 {"server":"GitHub.com","date":"Fri, 06 Aug 2021 07:42:46 GMT","content-type":"application/json; charset=utf-8","transfer-encoding":"chunked","vary":"X-PJAX, Accept-Encoding, Accept, X-Requested-With","permissions-policy":"interest-cohort=()","etag":"W/\"7bddd1bdd00afba5bf3de22e3144d1db\"","cache-control":"max-age=0, private, must-revalidate","strict-transport-security":"max-age=31536000; includeSubdomains; preload","x-frame-options":"deny","x-content-type-options":"nosniff","x-xss-protection":"0","referrer-policy":"origin-when-cross-origin, strict-origin-when-cross-origin","expect-ct":"max-age=2592000, report-uri=\"https://api.github.com/_private/browser/errors\"","content-security-policy":"default-src 'none'; base-uri 'self'; block-all-mixed-content; connect-src 'self' uploads.github.com www.githubstatus.com collector.githubapp.com api.github.com github-cloud.s3.amazonaws.com github-production-repository-file-5c1aeb.s3.amazonaws.com github-production-upload-manifest-file-7fdce7.s3.amazonaws.com github-production-user-asset-6210df.s3.amazonaws.com cdn.optimizely.com logx.optimizely.com/v1/events translator.github.com wss://alive.github.com; font-src github.githubassets.com; form-action 'self' github.com gist.github.com; frame-ancestors 'none'; frame-src render.githubusercontent.com render-temp.githubusercontent.com viewscreen.githubusercontent.com; img-src 'self' data: github.githubassets.com identicons.github.com collector.githubapp.com github-cloud.s3.amazonaws.com secured-user-images.githubusercontent.com/ *.githubusercontent.com; manifest-src 'self'; media-src 'none'; script-src github.githubassets.com; style-src 'unsafe-inline' github.githubassets.com; worker-src github.com/socket-worker-3f088aa2.js gist.github.com/socket-worker-3f088aa2.js","x-github-request-id":"28DA:7E2C:4901CA:4CEFD0:610CE7F6"}
[debug] [2021-08-06T07:42:46.540Z] >>> [apiv2][query] GET https://api.github.com/user [none]
[debug] [2021-08-06T07:42:47.206Z] <<< [apiv2][status] GET https://api.github.com/user 200
[debug] [2021-08-06T07:42:47.207Z] <<< [apiv2][body] GET https://api.github.com/user {"login":"pdung1989","id":54075741,"node_id":"MDQ6VXNlcjU0MDc1NzQx","avatar_url":"https://avatars.githubusercontent.com/u/54075741?v=4","gravatar_id":"","url":"https://api.github.com/users/pdung1989","html_url":"https://github.com/pdung1989","followers_url":"https://api.github.com/users/pdung1989/followers","following_url":"https://api.github.com/users/pdung1989/following{/other_user}","gists_url":"https://api.github.com/users/pdung1989/gists{/gist_id}","starred_url":"https://api.github.com/users/pdung1989/starred{/owner}{/repo}","subscriptions_url":"https://api.github.com/users/pdung1989/subscriptions","organizations_url":"https://api.github.com/users/pdung1989/orgs","repos_url":"https://api.github.com/users/pdung1989/repos","events_url":"https://api.github.com/users/pdung1989/events{/privacy}","received_events_url":"https://api.github.com/users/pdung1989/received_events","type":"User","site_admin":false,"name":"Dung Tran","company":null,"blog":"https://www.linkedin.com/in/phuong-dung-tran/","location":"Finland","email":null,"hireable":null,"bio":null,"twitter_username":null,"public_repos":9,"public_gists":0,"followers":0,"following":1,"created_at":"2019-08-13T16:26:14Z","updated_at":"2021-08-06T07:42:45Z","private_gists":2,"total_private_repos":0,"owned_private_repos":0,"disk_usage":13625,"collaborators":0,"two_factor_authentication":false,"plan":{"name":"free","space":976562499,"collaborators":0,"private_repos":10000}}
[info] 
[info] ✔  Success! Logged into GitHub as pdung1989 
[info] 
